proguard_logs/seeds.txt
com.duolaguanjia.R$anim: int actionsheet_dialog_in
com.duolaguanjia.R$anim: int actionsheet_dialog_out
com.duolaguanjia.R$anim: int expandable_hide
com.duolaguanjia.R$anim: int expandable_show
com.duolaguanjia.R$anim: int frame2
com.duolaguanjia.R$anim: int push_up_in
com.duolaguanjia.R$anim: int push_up_out
com.duolaguanjia.R$anim: int umeng_socialize_fade_in
com.duolaguanjia.R$anim: int umeng_socialize_fade_out
com.duolaguanjia.R$anim: int umeng_socialize_shareboard_animation_in
com.duolaguanjia.R$anim: int umeng_socialize_shareboard_animation_out
com.duolaguanjia.R$anim: int umeng_socialize_slide_in_from_bottom
com.duolaguanjia.R$anim: int umeng_socialize_slide_out_from_bottom
com.duolaguanjia.R$animator: int slide_left_out
com.duolaguanjia.R$animator: int slide_right_in
com.duolaguanjia.R$attr: int border_inside_color
com.duolaguanjia.R$attr: int border_outside_color
com.duolaguanjia.R$attr: int border_thickness
com.duolaguanjia.R$attr: int checkable
com.duolaguanjia.R$attr: int el_contentLayout
com.duolaguanjia.R$attr: int el_duration
com.duolaguanjia.R$attr: int el_headerLayout
com.duolaguanjia.R$attr: int enable
com.duolaguanjia.R$attr: int hidettxt
com.duolaguanjia.R$attr: int hile_color
com.duolaguanjia.R$attr: int input_hile
com.duolaguanjia.R$attr: int isedit
com.duolaguanjia.R$attr: int isline
com.duolaguanjia.R$attr: int left_icon
com.duolaguanjia.R$attr: int left_txt
com.duolaguanjia.R$attr: int lineSplitHeight
com.duolaguanjia.R$attr: int menu_icon
com.duolaguanjia.R$attr: int menu_icon_type
com.duolaguanjia.R$attr: int menu_title
com.duolaguanjia.R$attr: int menu_txt
com.duolaguanjia.R$attr: int right_txt
com.duolaguanjia.R$attr: int righticon
com.duolaguanjia.R$attr: int righttxt
com.duolaguanjia.R$attr: int selectImg
com.duolaguanjia.R$attr: int shape
com.duolaguanjia.R$attr: int splitLineColor
com.duolaguanjia.R$attr: int sriv_border_color
com.duolaguanjia.R$attr: int sriv_border_width
com.duolaguanjia.R$attr: int sriv_left_bottom_corner_radius
com.duolaguanjia.R$attr: int sriv_left_top_corner_radius
com.duolaguanjia.R$attr: int sriv_oval
com.duolaguanjia.R$attr: int sriv_right_bottom_corner_radius
com.duolaguanjia.R$attr: int sriv_right_top_corner_radius
com.duolaguanjia.R$attr: int svg_raw_resource
com.duolaguanjia.R$color: int actionsheet_blue
com.duolaguanjia.R$color: int actionsheet_gray
com.duolaguanjia.R$color: int actionsheet_red
com.duolaguanjia.R$color: int alertdialog_line
com.duolaguanjia.R$color: int app_color
com.duolaguanjia.R$color: int app_line
com.duolaguanjia.R$color: int black
com.duolaguanjia.R$color: int botton_txt_color
com.duolaguanjia.R$color: int commo_text_color
com.duolaguanjia.R$color: int contents_text
com.duolaguanjia.R$color: int dark_orange
com.duolaguanjia.R$color: int deep_gray
com.duolaguanjia.R$color: int deep_s_gray
com.duolaguanjia.R$color: int deep_ss_gray
com.duolaguanjia.R$color: int default_text_color
com.duolaguanjia.R$color: int encode_view
com.duolaguanjia.R$color: int folder_text_color
com.duolaguanjia.R$color: int gray
com.duolaguanjia.R$color: int griditems_bg
com.duolaguanjia.R$color: int hint
com.duolaguanjia.R$color: int light_gray
com.duolaguanjia.R$color: int light_s_gray
com.duolaguanjia.R$color: int line
com.duolaguanjia.R$color: int line_color
com.duolaguanjia.R$color: int main_top_color
com.duolaguanjia.R$color: int orange
com.duolaguanjia.R$color: int picker_bar_bg
com.duolaguanjia.R$color: int possible_result_points
com.duolaguanjia.R$color: int province_line_border
com.duolaguanjia.R$color: int red
com.duolaguanjia.R$color: int result_text
com.duolaguanjia.R$color: int result_view
com.duolaguanjia.R$color: int split_line_gray
com.duolaguanjia.R$color: int title_bg
com.duolaguanjia.R$color: int trans
...
android.support.v4.app.BackStackState: android.os.Parcelable$Creator CREATOR
android.support.v4.app.Fragment$SavedState: android.os.Parcelable$Creator CREATOR
android.support.v4.app.FragmentActivity: FragmentActivity()
android.support.v4.app.FragmentManagerState: android.os.Parcelable$Creator CREATOR
android.support.v4.app.FragmentState: android.os.Parcelable$Creator CREATOR
android.support.v4.app.FragmentTabHost: void setOnTabChangedListener(android.widget.TabHost$OnTabChangeListener)
android.support.v4.app.FragmentTabHost$SavedState: android.os.Parcelable$Creator CREATOR
android.support.v4.content.ModernAsyncTask$Status: android.support.v4.content.ModernAsyncTask$Status[] values()
android.support.v4.content.ModernAsyncTask$Status: android.support.v4.content.ModernAsyncTask$Status valueOf(java.lang.String)
android.support.v4.media.MediaDescriptionCompat: android.os.Parcelable$Creator CREATOR
android.support.v4.media.MediaMetadataCompat: android.os.Parcelable$Creator CREATOR
android.support.v4.media.RatingCompat: android.os.Parcelable$Creator CREATOR
android.support.v4.media.session.MediaSessionCompat$QueueItem: android.os.Parcelable$Creator CREATOR
android.support.v4.media.session.MediaSessionCompat$ResultReceiverWrapper: android.os.Parcelable$Creator CREATOR
android.support.v4.media.session.MediaSessionCompat$Token: android.os.Parcelable$Creator CREATOR
android.support.v4.media.session.ParcelableVolumeInfo: android.os.Parcelable$Creator CREATOR
android.support.v4.media.session.PlaybackStateCompat: android.os.Parcelable$Creator CREATOR
android.support.v4.media.session.PlaybackStateCompat$CustomAction: android.os.Parcelable$Creator CREATOR
android.support.v4.view.PagerTabStrip: void setTabIndicatorColor(int)
android.support.v4.view.PagerTabStrip: void setTabIndicatorColorResource(int)
android.support.v4.view.PagerTabStrip: int getTabIndicatorColor()
android.support.v4.view.PagerTabStrip: void setTextSpacing(int)
android.support.v4.view.PagerTabStrip: void setBackgroundDrawable(android.graphics.drawable.Drawable)
android.support.v4.view.PagerTabStrip: void setBackgroundColor(int)
android.support.v4.view.PagerTabStrip: void setBackgroundResource(int)
android.support.v4.view.PagerTabStrip: void setDrawFullUnderline(boolean)
android.support.v4.view.PagerTabStrip: boolean getDrawFullUnderline()
android.support.v4.view.PagerTabStrip: int getMinHeight()
android.support.v4.view.PagerTitleStrip: void setSingleLineAllCaps(android.widget.TextView)
android.support.v4.view.PagerTitleStrip: void setTextSpacing(int)
android.support.v4.view.PagerTitleStrip: int getTextSpacing()
android.support.v4.view.PagerTitleStrip: void setNonPrimaryAlpha(float)
android.support.v4.view.PagerTitleStrip: void setTextColor(int)
android.support.v4.view.PagerTitleStrip: void setGravity(int)
android.support.v4.view.PagerTitleStrip: int getMinHeight()