proguard_logs/mapping.txt
com.duolaguanjia.R -> com.duolaguanjia.a:
com.duolaguanjia.R$styleable -> com.duolaguanjia.b:
    int[] CustomShapeImageView -> CustomShapeImageView
    int CustomShapeImageView_shape -> CustomShapeImageView_shape
    int CustomShapeImageView_svg_raw_resource -> CustomShapeImageView_svg_raw_resource
    int[] ExpandableLayout -> ExpandableLayout
    int ExpandableLayout_el_contentLayout -> ExpandableLayout_el_contentLayout
    int ExpandableLayout_el_duration -> ExpandableLayout_el_duration
    int ExpandableLayout_el_headerLayout -> ExpandableLayout_el_headerLayout
    int[] InputView -> InputView
    int InputView_enable -> InputView_enable
    int InputView_hile_color -> InputView_hile_color
    int InputView_input_hile -> InputView_input_hile
    int InputView_isline -> InputView_isline
    int InputView_left_icon -> InputView_left_icon
    int InputView_left_txt -> InputView_left_txt
    int InputView_menu_txt -> InputView_menu_txt
    int InputView_right_txt -> InputView_right_txt
    int[] MenuView -> MenuView
    int MenuView_checkable -> MenuView_checkable
    int MenuView_hidettxt -> MenuView_hidettxt
    int MenuView_isedit -> MenuView_isedit
    int MenuView_menu_icon -> MenuView_menu_icon
    int MenuView_menu_icon_type -> MenuView_menu_icon_type
    int MenuView_menu_title -> MenuView_menu_title
    int MenuView_righticon -> MenuView_righticon
    int MenuView_righttxt -> MenuView_righttxt
    int MenuView_textcolor -> MenuView_textcolor
    int[] RoundImageView -> RoundImageView
com.duolaguanjia.activity.BindMoheActivity -> com.duolaguanjia.activity.BindMoheActivity:
    java.lang.String[] TITLES -> o
    com.duolaguanjia.manager.TitleManager titleManager -> n
    int tabIndex -> p
    android.support.v4.app.Fragment currentFragment -> q
    android.support.v4.app.Fragment lastFragment -> r
    java.util.Stack stack -> s
    26:30:void initView(android.os.Bundle) -> a
    38:39:void next(int) -> a
    46:97:void onItemSelected(int,boolean) -> a
    100:119:android.support.v4.app.Fragment getFragment(int) -> b
    125:137:void onBackPressed() -> onBackPressed
    141:142:void onActivityResult(int,int,android.content.Intent) -> onActivityResult
    146:156:void onClick(android.view.View) -> onClick
com.duolaguanjia.activity.BranhActivity -> com.duolaguanjia.activity.BranhActivity:
    62:125:android.support.v4.app.Fragment initBranchData() -> h
com.duolaguanjia.activity.CaptureActivity -> com.duolaguanjia.activity.CaptureActivity:
    com.duolaguanjia.view.zxing.decoding.CaptureActivityHandler handler -> b
    com.duolaguanjia.view.zxing.view.ViewfinderView viewfinderView -> c
    boolean hasSurface -> d
    java.util.Vector decodeFormats -> e
    java.lang.String characterSet -> f
    com.duolaguanjia.view.zxing.decoding.InactivityTimer inactivityTimer -> g
    android.media.MediaPlayer mediaPlayer -> h
    boolean playBeep -> i
    boolean vibrate -> j
    com.duolaguanjia.manager.TitleManager titleManager -> a
    android.media.MediaPlayer$OnCompletionListener beepListener -> k
    46:57:void onCreate(android.os.Bundle) -> onCreate
    60:79:void onResume() -> onResume
    83:89:void onPause() -> onPause
    93:95:void onDestroy() -> onDestroy
    99:109:void initCamera(android.view.SurfaceHolder) -> a
    115:115:void surfaceChanged(android.view.SurfaceHolder,int,int,int) -> surfaceChanged
    119:124:void surfaceCreated(android.view.SurfaceHolder) -> surfaceCreated
    128:130:void surfaceDestroyed(android.view.SurfaceHolder) -> surfaceDestroyed
    133:133:com.duolaguanjia.view.zxing.view.ViewfinderView getViewfinderView() -> a
    137:137:android.os.Handler getHandler() -> b
    141:143:void drawViewfinder() -> c
    146:165:void handleDecode(com.google.zxing.Result,android.graphics.Bitmap) -> a
    168:189:void initBeepSound() -> d
    194:201:void playBeepSoundAndVibrate() -> e
...
com.nostra13.universalimageloader.core.assist.deque.BlockingDeque -> com.c.a.b.a.a.a:
com.nostra13.universalimageloader.core.assist.deque.Deque -> com.c.a.b.a.a.b:
com.nostra13.universalimageloader.core.assist.deque.LIFOLinkedBlockingDeque -> com.c.a.b.a.a.c:
    32:32:boolean offer(java.lang.Object) -> offer
    45:45:java.lang.Object remove() -> remove
com.nostra13.universalimageloader.core.assist.deque.LinkedBlockingDeque -> com.c.a.b.a.a.d:
    com.nostra13.universalimageloader.core.assist.deque.LinkedBlockingDeque$Node first -> a
    com.nostra13.universalimageloader.core.assist.deque.LinkedBlockingDeque$Node last -> b
    int count -> d
    int capacity -> e
    java.util.concurrent.locks.ReentrantLock lock -> c
    java.util.concurrent.locks.Condition notEmpty -> f
    java.util.concurrent.locks.Condition notFull -> g
    188:199:boolean linkFirst(com.nostra13.universalimageloader.core.assist.deque.LinkedBlockingDeque$Node) -> b
    207:218:boolean linkLast(com.nostra13.universalimageloader.core.assist.deque.LinkedBlockingDeque$Node) -> c
    226:240:java.lang.Object unlinkFirst() -> f
    248:262:java.lang.Object unlinkLast() -> g
    270:285:void unlink(com.nostra13.universalimageloader.core.assist.deque.LinkedBlockingDeque$Node) -> a
    303:305:void addLast(java.lang.Object) -> a
    311:318:boolean offerFirst(java.lang.Object) -> b
    326:333:boolean offerLast(java.lang.Object) -> c
    359:369:void putLast(java.lang.Object) -> d
    400:413:boolean offerLast(java.lang.Object,long,java.util.concurrent.TimeUnit) -> a
    421:423:java.lang.Object removeFirst() -> a
    436:441:java.lang.Object pollFirst() -> b
    456:464:java.lang.Object takeFirst() -> c
    483:495:java.lang.Object pollFirst(long,java.util.concurrent.TimeUnit) -> a
    521:523:java.lang.Object getFirst() -> d
com.nostra13.universalimageloader.core.assist.deque.LinkedBlockingDeque$1 -> com.c.a.b.a.a.e:
com.nostra13.universalimageloader.core.assist.deque.LinkedBlockingDeque$AbstractItr -> com.c.a.b.a.a.f:
    com.nostra13.universalimageloader.core.assist.deque.LinkedBlockingDeque$Node next -> a
    java.lang.Object nextItem -> b
    com.nostra13.universalimageloader.core.assist.deque.LinkedBlockingDeque$Node lastRet -> d
    com.nostra13.universalimageloader.core.assist.deque.LinkedBlockingDeque this$0 -> c
    com.nostra13.universalimageloader.core.assist.deque.LinkedBlockingDeque$Node firstNode() -> a
    com.nostra13.universalimageloader.core.assist.deque.LinkedBlockingDeque$Node nextNode(com.nostra13.universalimageloader.core.assist.deque.LinkedBlockingDeque$Node) -> a
    1056:1065:com.nostra13.universalimageloader.core.assist.deque.LinkedBlockingDeque$Node succ(com.nostra13.universalimageloader.core.assist.deque.LinkedBlockingDeque$Node) -> b
    1072:1081:void advance() -> b
    1084:1084:boolean hasNext() -> hasNext
    1088:1093:java.lang.Object next() -> next
    1097:1109:void remove() -> remove
com.nostra13.universalimageloader.core.assist.deque.LinkedBlockingDeque$Itr -> com.c.a.b.a.a.g:
    com.nostra13.universalimageloader.core.assist.deque.LinkedBlockingDeque this$0 -> d
    1114:1114:com.nostra13.universalimageloader.core.assist.deque.LinkedBlockingDeque$Node firstNode() -> a
    1115:1115:com.nostra13.universalimageloader.core.assist.deque.LinkedBlockingDeque$Node nextNode(com.nostra13.universalimageloader.core.assist.deque.LinkedBlockingDeque$Node) -> a
com.nostra13.universalimageloader.core.assist.deque.LinkedBlockingDeque$Node -> com.c.a.b.a.a.h:
    java.lang.Object item -> a
    com.nostra13.universalimageloader.core.assist.deque.LinkedBlockingDeque$Node prev -> b
    com.nostra13.universalimageloader.core.assist.deque.LinkedBlockingDeque$Node next -> c
com.nostra13.universalimageloader.core.decode.BaseImageDecoder -> com.c.a.b.b.a:
    boolean loggingEnabled -> a
com.nostra13.universalimageloader.core.decode.ImageDecoder -> com.c.a.b.b.b:
com.nostra13.universalimageloader.core.display.BitmapDisplayer -> com.c.a.b.c.a: