proguard_logs/usage.txt
com.duolaguanjia.BuildConfig
com.duolaguanjia.R:
    10:1562:public R()
com.duolaguanjia.R$anim
com.duolaguanjia.R$animator
com.duolaguanjia.R$attr
com.duolaguanjia.R$color
com.duolaguanjia.R$dimen
com.duolaguanjia.R$drawable
com.duolaguanjia.R$id
com.duolaguanjia.R$layout
com.duolaguanjia.R$raw
com.duolaguanjia.R$string
com.duolaguanjia.R$style
com.duolaguanjia.R$styleable:
    1562:1562:public R$styleable()
com.duolaguanjia.activity.BindMoheActivity:
    35:35:public void httpError(java.lang.String,java.lang.String)
com.duolaguanjia.activity.BranhActivity:
    public static final int BRANCH_IMAGE
    public static final int BRANCH_BIND_BANK
    public static final int BRANCH_ADD_BANK
    public static final int BRANCH_ADD_BILL
    public static final int BRANCH_ADD_BILL_DESCRIPT
    public static final int BRANCH_ADD_BILL_BALANCE0
    public static final int BRANCH_ADD_BILLRECHARGE
    public static final int BRANCH_BAND_MOHE
    public static final int BRANCH_BAND_JIEBANG
    public static final int BRANCH_ORDER_BACK
    public static final int BRANCH_ORDER_BACK_OK
    public static final int BRANCH_PREFERENTIAL_CODE
    public static final int BRANCH_MY_SHEBEI
    public static final int BRANCH_USER_SETTING
    public static final int BRANCH_USER_INPUT_SETTNG
    public static final int BRANCH_USER_ACCOUNT_ANQUAN
    public static final int BRANCH_USER_SETTING_PWS
    public static final int BRANCH_USER_CLEAR_PWS
    public static final int BRANCH_USER_ADD_ADDRESS
    public static final int BRANCH_USER_FORGET_PWS
    public static final int BRANCH_USER_GUASHI
    public static final int BRANCH_DELETE_MOHE
    public static final int BRANCH_SERVER_MOHE
    public static final int BRANCH_ADDRESS_ADD
    public static final int BRANCH_SHENHE_SUCCESS
    public static final int BRANCH_DINGYUE_SETTING
    public static final int BRANCH_ALREAD_DINGYUE
    public static final int BRANCH_ALL_ORDER
com.duolaguanjia.activity.CaptureActivity:
    private static final float BEEP_VOLUME
    private static final long VIBRATE_DURATION
com.duolaguanjia.activity.DingYueSettingActivity:
    63:63:public void httpError(java.lang.String,java.lang.String)
com.duolaguanjia.activity.ListItemActivity:
    67:67:public void httpError(java.lang.String,java.lang.String)
com.duolaguanjia.activity.ListViewSelectActivity:
    174:174:public void httpError(java.lang.String,java.lang.String)
com.duolaguanjia.activity.LoginActivity:
    42:42:public void httpError(java.lang.String,java.lang.String)
com.duolaguanjia.activity.MainActivity:
    69:69:public void httpError(java.lang.String,java.lang.String)
com.duolaguanjia.activity.OrderActivity:
    android.view.View view
    81:81:public void httpError(java.lang.String,java.lang.String)
com.duolaguanjia.activity.PreferentialActivity:
    151:151:public void httpError(java.lang.String,java.lang.String)
com.duolaguanjia.activity.ShangJiaActivity:
    91:91:public void httpError(java.lang.String,java.lang.String)
com.duolaguanjia.activity.ShangJiaDescriptActivity:
    98:98:public void httpError(java.lang.String,java.lang.String)
com.duolaguanjia.activity.SplashActivity:
    93:93:public void httpError(java.lang.String,java.lang.String)
com.duolaguanjia.activity.fragment.account.BillDescriptFragment:
    public static final int ORDER_DESCRIPT_NORMAT
    public static final int ORDER_DESCRIPT_PAY
    public static final int ORDER_DESCRIPT_TIXINGSEND
    public static final int ORDER_DESCRIPT_SHOUHUO
    public static final int ORDER_DESCRIPT_PINGJIA
    public static final int ORDER_DESCRIPT_BACK
com.duolaguanjia.activity.fragment.mohe.BindMoheSelectStyleFragment:
    public static final int REQUEST_IMAGE
com.duolaguanjia.activity.fragment.mohe.BindMoheZxingFragment:
    public static final int SCANNIN_GREQUEST_CODE
...
android.support.v4.net.TrafficStatsCompat$IcsTrafficStatsCompatImpl
android.support.v4.net.TrafficStatsCompat$TrafficStatsCompatImpl
android.support.v4.net.TrafficStatsCompatIcs
android.support.v4.os.AsyncTaskCompat
android.support.v4.os.AsyncTaskCompatHoneycomb
android.support.v4.os.EnvironmentCompat
android.support.v4.os.EnvironmentCompatKitKat
android.support.v4.os.ParcelableCompat:
    26:42:public ParcelableCompat()
android.support.v4.os.ParcelableCompatCreatorHoneycombMR2Stub:
    22:22:ParcelableCompatCreatorHoneycombMR2Stub()
android.support.v4.os.TraceCompat
android.support.v4.os.TraceJellybeanMR2
android.support.v4.print.PrintHelper
android.support.v4.print.PrintHelper$1
android.support.v4.print.PrintHelper$OnPrintFinishCallback
android.support.v4.print.PrintHelper$PrintHelperKitkatImpl
android.support.v4.print.PrintHelper$PrintHelperKitkatImpl$1
android.support.v4.print.PrintHelper$PrintHelperKitkatImpl$2
android.support.v4.print.PrintHelper$PrintHelperStubImpl
android.support.v4.print.PrintHelper$PrintHelperVersionImpl
android.support.v4.print.PrintHelperKitkat
android.support.v4.print.PrintHelperKitkat$1
android.support.v4.print.PrintHelperKitkat$2
android.support.v4.print.PrintHelperKitkat$2$1
android.support.v4.print.PrintHelperKitkat$2$1$1
android.support.v4.print.PrintHelperKitkat$OnPrintFinishCallback
android.support.v4.provider.DocumentFile
android.support.v4.provider.DocumentsContractApi19
android.support.v4.provider.DocumentsContractApi21
android.support.v4.provider.RawDocumentFile
android.support.v4.provider.SingleDocumentFile
android.support.v4.provider.TreeDocumentFile
android.support.v4.speech.tts.TextToSpeechICS
android.support.v4.speech.tts.TextToSpeechICSMR1
android.support.v4.speech.tts.TextToSpeechICSMR1$1
android.support.v4.speech.tts.TextToSpeechICSMR1$2
android.support.v4.speech.tts.TextToSpeechICSMR1$UtteranceProgressListenerICSMR1
android.support.v4.text.BidiFormatter
android.support.v4.text.BidiFormatter$1
android.support.v4.text.BidiFormatter$Builder
android.support.v4.text.BidiFormatter$DirectionalityEstimator
android.support.v4.text.ICUCompat
android.support.v4.text.ICUCompat$ICUCompatImpl
android.support.v4.text.ICUCompat$ICUCompatImplBase
android.support.v4.text.ICUCompat$ICUCompatImplIcs
android.support.v4.text.ICUCompatIcs
android.support.v4.text.TextDirectionHeuristicCompat
android.support.v4.text.TextDirectionHeuristicsCompat
android.support.v4.text.TextDirectionHeuristicsCompat$1
android.support.v4.text.TextDirectionHeuristicsCompat$AnyStrong
android.support.v4.text.TextDirectionHeuristicsCompat$FirstStrong
android.support.v4.text.TextDirectionHeuristicsCompat$TextDirectionAlgorithm
android.support.v4.text.TextDirectionHeuristicsCompat$TextDirectionHeuristicImpl
android.support.v4.text.TextDirectionHeuristicsCompat$TextDirectionHeuristicInternal
android.support.v4.text.TextDirectionHeuristicsCompat$TextDirectionHeuristicLocale
android.support.v4.text.TextUtilsCompat
android.support.v4.util.ArrayMap:
    61:62:public ArrayMap(int)
    68:69:public ArrayMap(android.support.v4.util.SimpleArrayMap)
    130:130:public boolean containsAll(java.util.Collection)
    151:151:public boolean removeAll(java.util.Collection)
android.support.v4.util.AtomicFile
android.support.v4.util.CircularArray
android.support.v4.util.CircularIntArray
android.support.v4.util.ContainerHelpers:
    19:19:ContainerHelpers()
    29:29:public static int idealLongArraySize(int)
    65:80:static int binarySearch(long[],int,long)
android.support.v4.util.DebugUtils:
    25:25:public DebugUtils()
android.support.v4.util.LongSparseArray
android.support.v4.util.LruCache
android.support.v4.util.Pair
android.support.v4.util.Pools
android.support.v4.util.Pools$Pool
android.support.v4.util.Pools$SimplePool
android.support.v4.util.Pools$SynchronizedPool